[debug] [2022-12-20T20:11:13.602Z] ----------------------------------------------------------------------
[debug] [2022-12-20T20:11:13.604Z] Command:       C:\Program Files\nodejs\node.exe C:\Users\TONY\AppData\Roaming\npm\node_modules\firebase-tools\lib\bin\firebase.js emulators:start
[debug] [2022-12-20T20:11:13.605Z] CLI Version:   11.16.1
[debug] [2022-12-20T20:11:13.605Z] Platform:      win32
[debug] [2022-12-20T20:11:13.605Z] Node Version:  v16.4.0
[debug] [2022-12-20T20:11:13.606Z] Time:          Tue Dec 20 2022 11:11:13 GMT-0900 (GMT-09:00)
[debug] [2022-12-20T20:11:13.606Z] ----------------------------------------------------------------------
[debug] 
[debug] [2022-12-20T20:11:13.609Z] >>> [apiv2][query] GET https://firebase-public.firebaseio.com/cli.json [none]
[debug] [2022-12-20T20:11:13.717Z] > command requires scopes: ["email","openid","https://www.googleapis.com/auth/cloudplatformprojects.readonly","https://www.googleapis.com/auth/firebase","https://www.googleapis.com/auth/cloud-platform"]
[debug] [2022-12-20T20:11:13.717Z] > authorizing via signed-in user (anthonynkwa92@gmail.com)
[info] i  emulators: Starting emulators: functions, hosting {"metadata":{"emulator":{"name":"hub"},"message":"Starting emulators: functions, hosting"}}
[debug] [2022-12-20T20:11:13.735Z] [logging] Logging Emulator only supports listening on one address (127.0.0.1). Not listening on ::1
[debug] [2022-12-20T20:11:13.736Z] [hosting] Hosting Emulator only supports listening on one address (127.0.0.1). Not listening on ::1
[debug] [2022-12-20T20:11:13.736Z] assigned listening specs for emulators {"user":{"hub":[{"address":"127.0.0.1","family":"IPv4","port":4400},{"address":"::1","family":"IPv6","port":4400}],"ui":[{"address":"127.0.0.1","family":"IPv4","port":4000},{"address":"::1","family":"IPv6","port":4000}],"logging":[{"address":"127.0.0.1","family":"IPv4","port":4500}],"hosting":[{"address":"127.0.0.1","family":"IPv4","port":5000}]},"metadata":{"message":"assigned listening specs for emulators"}}
[debug] [2022-12-20T20:11:13.752Z] [hub] writing locator at C:\Users\TONY\AppData\Local\Temp\hub-fir-687cd.json
[warn] !  Unable to fetch the CLI MOTD and remote config. 
[debug] [2022-12-20T20:11:13.791Z] Failed to fetch MOTD FirebaseError: Failed to make request to https://firebase-public.firebaseio.com/cli.json
[debug] [2022-12-20T20:11:13.855Z] [functions] Functions Emulator only supports listening on one address (127.0.0.1). Not listening on ::1
[debug] [2022-12-20T20:11:13.855Z] [eventarc] Eventarc Emulator only supports listening on one address (127.0.0.1). Not listening on ::1
[debug] [2022-12-20T20:11:13.855Z] late-assigned ports for functions and eventarc emulators {"user":{"hub":[{"address":"127.0.0.1","family":"IPv4","port":4400},{"address":"::1","family":"IPv6","port":4400}],"ui":[{"address":"127.0.0.1","family":"IPv4","port":4000},{"address":"::1","family":"IPv6","port":4000}],"logging":[{"address":"127.0.0.1","family":"IPv4","port":4500}],"hosting":[{"address":"127.0.0.1","family":"IPv4","port":5000}],"functions":[{"address":"127.0.0.1","family":"IPv4","port":5001}],"eventarc":[{"address":"127.0.0.1","family":"IPv4","port":9299}]},"metadata":{"message":"late-assigned ports for functions and eventarc emulators"}}
[warn] !  functions: The following emulators are not running, calls to these services from the Functions emulator will affect production: auth, firestore, database, pubsub, storage {"metadata":{"emulator":{"name":"functions"},"message":"The following emulators are not running, calls to these services from the Functions emulator will affect production: \u001b[1mauth, firestore, database, pubsub, storage\u001b[22m"}}
[info] +  functions: Using node@16 from host. {"metadata":{"emulator":{"name":"functions"},"message":"Using node@16 from host."}}
[debug] [2022-12-20T20:11:13.888Z] defaultcredentials: writing to file C:\Users\TONY\AppData\Roaming\firebase\anthonynkwa92_gmail_com_application_default_credentials.json
[debug] [2022-12-20T20:11:13.901Z] Setting GAC to C:\Users\TONY\AppData\Roaming\firebase\anthonynkwa92_gmail_com_application_default_credentials.json {"metadata":{"emulator":{"name":"functions"},"message":"Setting GAC to C:\\Users\\TONY\\AppData\\Roaming\\firebase\\anthonynkwa92_gmail_com_application_default_credentials.json"}}
[debug] [2022-12-20T20:11:13.903Z] > refreshing access token with scopes: []
[debug] [2022-12-20T20:11:13.904Z] >>> [apiv2][query] POST https://www.googleapis.com/oauth2/v3/token [none]
[debug] [2022-12-20T20:11:13.904Z] >>> [apiv2][body] POST https://www.googleapis.com/oauth2/v3/token [omitted]
[debug] [2022-12-20T20:11:14.353Z] <<< [apiv2][status] POST https://www.googleapis.com/oauth2/v3/token 200
[debug] [2022-12-20T20:11:14.353Z] <<< [apiv2][body] POST https://www.googleapis.com/oauth2/v3/token [omitted]
[debug] [2022-12-20T20:11:14.539Z] >>> [apiv2][query] GET https://firebase.googleapis.com/v1beta1/projects/fir-687cd/adminSdkConfig [none]
[debug] [2022-12-20T20:11:15.156Z] <<< [apiv2][status] GET https://firebase.googleapis.com/v1beta1/projects/fir-687cd/adminSdkConfig 200
[debug] [2022-12-20T20:11:15.156Z] <<< [apiv2][body] GET https://firebase.googleapis.com/v1beta1/projects/fir-687cd/adminSdkConfig {"projectId":"fir-687cd","storageBucket":"fir-687cd.appspot.com"}
[debug] [2022-12-20T20:11:15.213Z] >>> [apiv2][query] GET https://firebasehosting.googleapis.com/v1beta1/projects/fir-687cd/sites 
[debug] [2022-12-20T20:11:15.300Z] Failed to list hosting sites
[debug] Failed to make request to https://firebasehosting.googleapis.com/v1beta1/projects/fir-687cd/sites
[debug] [2022-12-20T20:11:15.301Z] >>> [apiv2][query] GET https://firebase.googleapis.com/v1beta1/projects/fir-687cd/webApps/-/config [none]
[debug] [2022-12-20T20:11:16.912Z] <<< [apiv2][status] GET https://firebase.googleapis.com/v1beta1/projects/fir-687cd/webApps/-/config 200
[debug] [2022-12-20T20:11:16.912Z] <<< [apiv2][body] GET https://firebase.googleapis.com/v1beta1/projects/fir-687cd/webApps/-/config {"projectId":"fir-687cd","appId":"1:387177004218:web:d25764328e1aea03631683","storageBucket":"fir-687cd.appspot.com","apiKey":"AIzaSyC3Kzfz6eZUn0UnAXo3hANr0jll9kXpBmo","authDomain":"fir-687cd.firebaseapp.com","messagingSenderId":"387177004218","measurementId":"G-7GQJRJDJY1"}
[debug] [2022-12-20T20:11:16.976Z] >>> [apiv2][query] GET https://firebase.googleapis.com/v1beta1/projects/fir-687cd [none]
[debug] [2022-12-20T20:11:17.644Z] <<< [apiv2][status] GET https://firebase.googleapis.com/v1beta1/projects/fir-687cd 200
[debug] [2022-12-20T20:11:17.644Z] <<< [apiv2][body] GET https://firebase.googleapis.com/v1beta1/projects/fir-687cd {"projectId":"fir-687cd","projectNumber":"387177004218","displayName":"Amazon","name":"projects/fir-687cd","resources":{"hostingSite":"fir-687cd"},"state":"ACTIVE","etag":"1_0607a46d-f74d-4edf-80ee-bdba0d6464e8"}
[info] i  hosting[fir-687cd]: Serving hosting files from: build {"metadata":{"emulator":{"name":"hosting"},"message":"Serving hosting files from: \u001b[1mbuild\u001b[22m"}}
[info] +  hosting[fir-687cd]: Local server: http://127.0.0.1:5000 {"metadata":{"emulator":{"name":"hosting"},"message":"Local server: \u001b[4m\u001b[1mhttp://127.0.0.1:5000\u001b[22m\u001b[24m"}}
[debug] [2022-12-20T20:11:17.674Z] Ignoring unsupported arg: auto_download {"metadata":{"emulator":{"name":"ui"},"message":"Ignoring unsupported arg: auto_download"}}
[debug] [2022-12-20T20:11:17.675Z] Ignoring unsupported arg: port {"metadata":{"emulator":{"name":"ui"},"message":"Ignoring unsupported arg: port"}}
[debug] [2022-12-20T20:11:17.675Z] Starting Emulator UI with command {"binary":"node","args":["C:\\Users\\TONY\\.cache\\firebase\\emulators\\ui-v1.11.1\\server\\server.js"],"optionalArgs":[],"joinArgs":false} {"metadata":{"emulator":{"name":"ui"},"message":"Starting Emulator UI with command {\"binary\":\"node\",\"args\":[\"C:\\\\Users\\\\TONY\\\\.cache\\\\firebase\\\\emulators\\\\ui-v1.11.1\\\\server\\\\server.js\"],\"optionalArgs\":[],\"joinArgs\":false}"}}
[info] i  ui: Emulator UI logging to ui-debug.log {"metadata":{"emulator":{"name":"ui"},"message":"Emulator UI logging to \u001b[1mui-debug.log\u001b[22m"}}
[debug] [2022-12-20T20:11:17.945Z] Web / API server started at 127.0.0.1:4000
 {"metadata":{"emulator":{"name":"ui"},"message":"Web / API server started at 127.0.0.1:4000\n"}}
[debug] [2022-12-20T20:11:17.945Z] Web / API server started at ::1:4000
 {"metadata":{"emulator":{"name":"ui"},"message":"Web / API server started at ::1:4000\n"}}
[info] i  functions: Watching "C:\Users\TONY\Desktop\amazon-clone\functions" for Cloud Functions... {"metadata":{"emulator":{"name":"functions"},"message":"Watching \"C:\\Users\\TONY\\Desktop\\amazon-clone\\functions\" for Cloud Functions..."}}
[debug] [2022-12-20T20:11:17.961Z] Validating nodejs source
[debug] [2022-12-20T20:11:20.897Z] > [functions] package.json contents: {
  "name": "functions",
  "description": "Cloud Functions for Firebase",
  "scripts": {
    "lint": "eslint .",
    "serve": "firebase emulators:start --only functions",
    "shell": "firebase functions:shell",
    "start": "npm run shell",
    "deploy": "firebase deploy --only functions",
    "logs": "firebase functions:log"
  },
  "engines": {
    "node": "16"
  },
  "main": "index.js",
  "dependencies": {
    "cors": "^2.8.5",
    "express": "^4.18.2",
    "firebase-admin": "^10.0.2",
    "firebase-functions": "^4.1.1",
    "stripe": "^11.4.0"
  },
  "devDependencies": {
    "eslint": "^8.9.0",
    "eslint-config-google": "^0.14.0",
    "firebase-functions-test": "^0.2.0"
  },
  "private": true
}
[debug] [2022-12-20T20:11:20.897Z] Building nodejs source
[debug] [2022-12-20T20:11:20.897Z] Analyzing nodejs backend spec
[debug] [2022-12-20T20:11:20.899Z] Could not find functions.yaml. Must use http discovery
[debug] [2022-12-20T20:11:21.248Z] Serving at port 9005

[debug] [2022-12-20T20:11:22.263Z] Got response from /__/functions.yaml {"endpoints":{"api":{"platform":"gcfv1","availableMemoryMb":null,"timeoutSeconds":null,"minInstances":null,"maxInstances":null,"ingressSettings":null,"serviceAccountEmail":null,"vpc":null,"httpsTrigger":{},"entryPoint":"api"}},"specVersion":"v1alpha1","requiredAPIs":[]}
[debug] [2022-12-20T20:11:22.270Z] shutdown requested via /__/quitquitquit

[info] +  functions: Loaded functions definitions from source: api. {"metadata":{"emulator":{"name":"functions"},"message":"Loaded functions definitions from source: api."}}
[info] +  functions[us-central1-api]: http function initialized (http://127.0.0.1:5001/fir-687cd/us-central1/api). {"metadata":{"emulator":{"name":"functions"},"message":"\u001b[1mhttp\u001b[22m function initialized (http://127.0.0.1:5001/fir-687cd/us-central1/api)."}}
[info] 
┌─────────────────────────────────────────────────────────────┐
│ ✔  All emulators ready! It is now safe to connect your app. │
│ i  View Emulator UI at http://127.0.0.1:4000/               │
└─────────────────────────────────────────────────────────────┘

┌───────────┬────────────────┬─────────────────────────────────┐
│ Emulator  │ Host:Port      │ View in Emulator UI             │
├───────────┼────────────────┼─────────────────────────────────┤
│ Functions │ 127.0.0.1:5001 │ http://127.0.0.1:4000/functions │
├───────────┼────────────────┼─────────────────────────────────┤
│ Hosting   │ 127.0.0.1:5000 │ n/a                             │
└───────────┴────────────────┴─────────────────────────────────┘
  Emulator Hub running at 127.0.0.1:4400
  Other reserved ports: 4500

Issues? Report them at https://github.com/firebase/firebase-tools/issues and attach the *-debug.log files.
 
[debug] [2022-12-20T20:20:24.092Z] File C:\Users\TONY\Desktop\amazon-clone\functions\index.js changed, reloading triggers {"metadata":{"emulator":{"name":"functions"},"message":"File C:\\Users\\TONY\\Desktop\\amazon-clone\\functions\\index.js changed, reloading triggers"}}
[debug] [2022-12-20T20:20:25.107Z] Validating nodejs source
[debug] [2022-12-20T20:20:28.815Z] > [functions] package.json contents: {
  "name": "functions",
  "description": "Cloud Functions for Firebase",
  "scripts": {
    "lint": "eslint .",
    "serve": "firebase emulators:start --only functions",
    "shell": "firebase functions:shell",
    "start": "npm run shell",
    "deploy": "firebase deploy --only functions",
    "logs": "firebase functions:log"
  },
  "engines": {
    "node": "16"
  },
  "main": "index.js",
  "dependencies": {
    "cors": "^2.8.5",
    "express": "^4.18.2",
    "firebase-admin": "^10.0.2",
    "firebase-functions": "^4.1.1",
    "stripe": "^11.4.0"
  },
  "devDependencies": {
    "eslint": "^8.9.0",
    "eslint-config-google": "^0.14.0",
    "firebase-functions-test": "^0.2.0"
  },
  "private": true
}
[debug] [2022-12-20T20:20:28.815Z] Building nodejs source
[debug] [2022-12-20T20:20:28.815Z] Analyzing nodejs backend spec
[debug] [2022-12-20T20:20:28.816Z] Could not find functions.yaml. Must use http discovery
[debug] [2022-12-20T20:20:29.281Z] Serving at port 9005

[debug] [2022-12-20T20:20:29.724Z] Got response from /__/functions.yaml Failed to generate manifest from function source: ReferenceError: sk_test_51MG3yiLlf4TvExjxxS2Y83uxDPNj40YvK1q5oWZFOvdYLyYMjeaf8sGrBYeTfhHEeEZ0iePRAOUkiXN6rGHOs5eE00ey48Y5sb is not defined
[debug] [2022-12-20T20:20:29.726Z] Failed to parse functions.yamlincomplete explicit mapping pair; a key node is missed; or followed by a non-tabulated empty line at line 1, column 65:
     ...  function source: ReferenceError: sk_test_51MG3yiLlf4TvExjxxS2Y8 ... 
                                         ^ {"name":"YAMLException","reason":"incomplete explicit mapping pair; a key node is missed; or followed by a non-tabulated empty line","mark":{"name":null,"buffer":"Failed to generate manifest from function source: ReferenceError: sk_test_51MG3yiLlf4TvExjxxS2Y83uxDPNj40YvK1q5oWZFOvdYLyYMjeaf8sGrBYeTfhHEeEZ0iePRAOUkiXN6rGHOs5eE00ey48Y5sb is not defined\n\u0000","position":64,"line":0,"column":64},"message":"incomplete explicit mapping pair; a key node is missed; or followed by a non-tabulated empty line at line 1, column 65:\n     ...  function source: ReferenceError: sk_test_51MG3yiLlf4TvExjxxS2Y8 ... \n                                         ^"}
[debug] [2022-12-20T20:20:29.731Z] shutdown requested via /__/quitquitquit

[error] !!  functions: Failed to load function definition from source: FirebaseError: Failed to load function definition from source: Failed to generate manifest from function source: ReferenceError: sk_test_51MG3yiLlf4TvExjxxS2Y83uxDPNj40YvK1q5oWZFOvdYLyYMjeaf8sGrBYeTfhHEeEZ0iePRAOUkiXN6rGHOs5eE00ey48Y5sb is not defined {"metadata":{"emulator":{"name":"functions"},"message":"Failed to load function definition from source: FirebaseError: Failed to load function definition from source: Failed to generate manifest from function source: ReferenceError: sk_test_51MG3yiLlf4TvExjxxS2Y83uxDPNj40YvK1q5oWZFOvdYLyYMjeaf8sGrBYeTfhHEeEZ0iePRAOUkiXN6rGHOs5eE00ey48Y5sb is not defined"}}
[debug] [2022-12-20T20:22:15.891Z] File C:\Users\TONY\Desktop\amazon-clone\functions\index.js changed, reloading triggers {"metadata":{"emulator":{"name":"functions"},"message":"File C:\\Users\\TONY\\Desktop\\amazon-clone\\functions\\index.js changed, reloading triggers"}}
[debug] [2022-12-20T20:22:16.908Z] Validating nodejs source
[debug] [2022-12-20T20:22:21.606Z] > [functions] package.json contents: {
  "name": "functions",
  "description": "Cloud Functions for Firebase",
  "scripts": {
    "lint": "eslint .",
    "serve": "firebase emulators:start --only functions",
    "shell": "firebase functions:shell",
    "start": "npm run shell",
    "deploy": "firebase deploy --only functions",
    "logs": "firebase functions:log"
  },
  "engines": {
    "node": "16"
  },
  "main": "index.js",
  "dependencies": {
    "cors": "^2.8.5",
    "express": "^4.18.2",
    "firebase-admin": "^10.0.2",
    "firebase-functions": "^4.1.1",
    "stripe": "^11.4.0"
  },
  "devDependencies": {
    "eslint": "^8.9.0",
    "eslint-config-google": "^0.14.0",
    "firebase-functions-test": "^0.2.0"
  },
  "private": true
}
[debug] [2022-12-20T20:22:21.606Z] Building nodejs source
[debug] [2022-12-20T20:22:21.606Z] Analyzing nodejs backend spec
[debug] [2022-12-20T20:22:21.607Z] Could not find functions.yaml. Must use http discovery
[debug] [2022-12-20T20:22:21.945Z] Serving at port 9005

[debug] [2022-12-20T20:22:22.345Z] Got response from /__/functions.yaml {"endpoints":{"api":{"platform":"gcfv1","availableMemoryMb":null,"timeoutSeconds":null,"minInstances":null,"maxInstances":null,"ingressSettings":null,"serviceAccountEmail":null,"vpc":null,"httpsTrigger":{},"entryPoint":"api"}},"specVersion":"v1alpha1","requiredAPIs":[]}
[debug] [2022-12-20T20:22:22.351Z] shutdown requested via /__/quitquitquit

[info] +  functions: Loaded functions definitions from source: api. {"metadata":{"emulator":{"name":"functions"},"message":"Loaded functions definitions from source: api."}}
[debug] [2022-12-20T20:22:34.661Z] File C:\Users\TONY\Desktop\amazon-clone\functions\index.js changed, reloading triggers {"metadata":{"emulator":{"name":"functions"},"message":"File C:\\Users\\TONY\\Desktop\\amazon-clone\\functions\\index.js changed, reloading triggers"}}
[debug] [2022-12-20T20:22:35.673Z] Validating nodejs source
[debug] [2022-12-20T20:22:39.009Z] > [functions] package.json contents: {
  "name": "functions",
  "description": "Cloud Functions for Firebase",
  "scripts": {
    "lint": "eslint .",
    "serve": "firebase emulators:start --only functions",
    "shell": "firebase functions:shell",
    "start": "npm run shell",
    "deploy": "firebase deploy --only functions",
    "logs": "firebase functions:log"
  },
  "engines": {
    "node": "16"
  },
  "main": "index.js",
  "dependencies": {
    "cors": "^2.8.5",
    "express": "^4.18.2",
    "firebase-admin": "^10.0.2",
    "firebase-functions": "^4.1.1",
    "stripe": "^11.4.0"
  },
  "devDependencies": {
    "eslint": "^8.9.0",
    "eslint-config-google": "^0.14.0",
    "firebase-functions-test": "^0.2.0"
  },
  "private": true
}
[debug] [2022-12-20T20:22:39.010Z] Building nodejs source
[debug] [2022-12-20T20:22:39.010Z] Analyzing nodejs backend spec
[debug] [2022-12-20T20:22:39.014Z] Could not find functions.yaml. Must use http discovery
[debug] [2022-12-20T20:22:39.449Z] Serving at port 9005

[debug] [2022-12-20T20:22:39.849Z] Got response from /__/functions.yaml {"endpoints":{"api":{"platform":"gcfv1","availableMemoryMb":null,"timeoutSeconds":null,"minInstances":null,"maxInstances":null,"ingressSettings":null,"serviceAccountEmail":null,"vpc":null,"httpsTrigger":{},"entryPoint":"api"}},"specVersion":"v1alpha1","requiredAPIs":[]}
[debug] [2022-12-20T20:22:39.856Z] shutdown requested via /__/quitquitquit

[info] +  functions: Loaded functions definitions from source: api. {"metadata":{"emulator":{"name":"functions"},"message":"Loaded functions definitions from source: api."}}
[debug] [2022-12-20T20:38:23.306Z] File C:\Users\TONY\Desktop\amazon-clone\functions\package.json changed, reloading triggers {"metadata":{"emulator":{"name":"functions"},"message":"File C:\\Users\\TONY\\Desktop\\amazon-clone\\functions\\package.json changed, reloading triggers"}}
[debug] [2022-12-20T20:38:24.339Z] Validating nodejs source
[debug] [2022-12-20T20:38:29.774Z] > [functions] package.json contents: {
  "name": "functions",
  "description": "Cloud Functions for Firebase",
  "scripts": {
    "lint": "eslint .",
    "serve": "firebase emulators:start --only functions",
    "shell": "firebase functions:shell",
    "start": "npm run shell",
    "deploy": "firebase deploy --only functions",
    "logs": "firebase functions:log"
  },
  "engines": {
    "node": "16"
  },
  "main": "index.js",
  "dependencies": {
    "firebase-admin": "^10.0.2",
    "firebase-functions": "^3.18.0"
  },
  "devDependencies": {
    "eslint": "^8.9.0",
    "eslint-config-google": "^0.14.0",
    "firebase-functions-test": "^0.2.0"
  },
  "private": true
}
[debug] [2022-12-20T20:38:29.775Z] Building nodejs source
[debug] [2022-12-20T20:38:29.775Z] Analyzing nodejs backend spec
[debug] [2022-12-20T20:38:29.777Z] Could not find functions.yaml. Must use http discovery
[debug] [2022-12-20T20:38:29.821Z] File C:\Users\TONY\Desktop\amazon-clone\functions\index.js changed, reloading triggers {"metadata":{"emulator":{"name":"functions"},"message":"File C:\\Users\\TONY\\Desktop\\amazon-clone\\functions\\index.js changed, reloading triggers"}}
[debug] [2022-12-20T20:38:30.116Z] Serving at port 9005

[debug] [2022-12-20T20:38:30.465Z] Got response from /__/functions.yaml {"endpoints":{},"specVersion":"v1alpha1","requiredAPIs":[]}
[debug] [2022-12-20T20:38:30.483Z] shutdown requested via /__/quitquitquit

[info] +  functions: Loaded functions definitions from source: . {"metadata":{"emulator":{"name":"functions"},"message":"Loaded functions definitions from source: ."}}
[debug] [2022-12-20T20:38:30.834Z] Validating nodejs source
[debug] [2022-12-20T20:38:34.635Z] > [functions] package.json contents: {
  "name": "functions",
  "description": "Cloud Functions for Firebase",
  "scripts": {
    "lint": "eslint .",
    "serve": "firebase emulators:start --only functions",
    "shell": "firebase functions:shell",
    "start": "npm run shell",
    "deploy": "firebase deploy --only functions",
    "logs": "firebase functions:log"
  },
  "engines": {
    "node": "16"
  },
  "main": "index.js",
  "dependencies": {
    "firebase-admin": "^10.0.2",
    "firebase-functions": "^3.18.0"
  },
  "devDependencies": {
    "eslint": "^8.9.0",
    "eslint-config-google": "^0.14.0",
    "firebase-functions-test": "^0.2.0"
  },
  "private": true
}
[debug] [2022-12-20T20:38:34.635Z] Building nodejs source
[debug] [2022-12-20T20:38:34.635Z] Analyzing nodejs backend spec
[debug] [2022-12-20T20:38:34.636Z] Could not find functions.yaml. Must use http discovery
[debug] [2022-12-20T20:38:35.020Z] Serving at port 9005

[debug] [2022-12-20T20:38:35.422Z] Got response from /__/functions.yaml {"endpoints":{},"specVersion":"v1alpha1","requiredAPIs":[]}
[debug] [2022-12-20T20:38:35.429Z] shutdown requested via /__/quitquitquit

[info] +  functions: Loaded functions definitions from source: . {"metadata":{"emulator":{"name":"functions"},"message":"Loaded functions definitions from source: ."}}
[debug] [2022-12-20T20:39:09.313Z] File C:\Users\TONY\Desktop\amazon-clone\functions\yarn.lock changed, reloading triggers {"metadata":{"emulator":{"name":"functions"},"message":"File C:\\Users\\TONY\\Desktop\\amazon-clone\\functions\\yarn.lock changed, reloading triggers"}}
[debug] [2022-12-20T20:39:10.319Z] Validating nodejs source
[warn] !  functions: package.json indicates an outdated version of firebase-functions. Please upgrade using npm install --save firebase-functions@latest in your functions directory. 
[warn] !  functions: Please note that there will be breaking changes when you upgrade. 
[debug] [2022-12-20T20:39:13.261Z] > [functions] package.json contents: {
  "name": "functions",
  "description": "Cloud Functions for Firebase",
  "scripts": {
    "lint": "eslint .",
    "serve": "firebase emulators:start --only functions",
    "shell": "firebase functions:shell",
    "start": "npm run shell",
    "deploy": "firebase deploy --only functions",
    "logs": "firebase functions:log"
  },
  "engines": {
    "node": "16"
  },
  "main": "index.js",
  "dependencies": {
    "firebase-admin": "^10.0.2",
    "firebase-functions": "^3.18.0"
  },
  "devDependencies": {
    "eslint": "^8.9.0",
    "eslint-config-google": "^0.14.0",
    "firebase-functions-test": "^0.2.0"
  },
  "private": true
}
[debug] [2022-12-20T20:39:13.261Z] Building nodejs source
[debug] [2022-12-20T20:39:13.262Z] Analyzing nodejs backend spec
[debug] [2022-12-20T20:39:13.262Z] Could not find functions.yaml. Must use http discovery
[debug] [2022-12-20T20:39:13.619Z] Serving at port 9005

[debug] [2022-12-20T20:39:13.705Z] Got response from /__/functions.yaml {"endpoints":{},"specVersion":"v1alpha1","requiredAPIs":[]}
[debug] [2022-12-20T20:39:13.709Z] shutdown requested via /__/quitquitquit

[info] +  functions: Loaded functions definitions from source: . {"metadata":{"emulator":{"name":"functions"},"message":"Loaded functions definitions from source: ."}}
[debug] [2022-12-20T21:17:38.932Z] Received signal SIGHUP 1
